2024-02-11 18:09:02,495 INFO PersonalAreaTest [main] Start driver
2024-02-11 18:09:20,712 INFO PersonalAreaTest [main] Quit driver
2024-02-11 18:10:19,230 INFO PersonalAreaTest [main] Start driver
2024-02-11 18:10:37,323 INFO PersonalAreaTest [main] Quit driver
2024-02-11 18:12:04,068 INFO PersonalAreaTest [main] Start driver
2024-02-11 18:12:22,508 INFO PersonalAreaTest [main] Quit driver
2024-02-11 18:13:11,678 INFO PersonalAreaTest [main] Start driver
2024-02-11 18:13:29,709 INFO PersonalAreaTest [main] Quit driver
2024-02-11 18:31:19,862 INFO PersonalAreaTest [main] Start driver
2024-02-11 18:31:38,024 INFO PersonalAreaTest [main] Quit driver
2024-02-11 18:32:04,754 INFO PersonalAreaTest [main] Start driver
2024-02-11 18:32:22,963 INFO PersonalAreaTest [main] Quit driver
2024-02-11 18:35:33,974 INFO PersonalAreaTest [main] Start driver
2024-02-11 18:35:52,611 INFO PersonalAreaTest [main] Quit driver
2024-02-11 18:44:31,685 INFO PersonalAreaTest [main] Start driver
2024-02-11 18:44:50,249 INFO PersonalAreaTest [main] Quit driver
2024-02-11 18:45:46,649 INFO PersonalAreaTest [main] Start driver
2024-02-11 18:46:49,059 INFO PersonalAreaTest [main] Quit driver
2024-02-11 18:48:49,547 INFO PersonalAreaTest [main] Start driver
2024-02-11 18:49:51,177 INFO p.PersonalAreaPage [main] Fields cleared
2024-02-11 18:49:51,208 INFO p.PersonalAreaPage [main] Fields cleared
2024-02-11 18:49:51,242 INFO p.PersonalAreaPage [main] Fields cleared
2024-02-11 18:49:51,273 INFO p.PersonalAreaPage [main] Fields cleared
2024-02-11 18:49:51,306 INFO p.PersonalAreaPage [main] Fields cleared
2024-02-11 18:49:51,335 INFO p.PersonalAreaPage [main] Fields cleared
2024-02-11 18:49:52,375 INFO PersonalAreaTest [main] Quit driver
2024-02-11 18:52:38,512 INFO PersonalAreaTest [main] Start driver
2024-02-11 18:53:39,482 INFO p.PersonalAreaPage [main] Fields cleared
2024-02-11 18:53:39,516 INFO p.PersonalAreaPage [main] Fields cleared
2024-02-11 18:53:39,555 INFO p.PersonalAreaPage [main] Fields cleared
2024-02-11 18:53:39,588 INFO p.PersonalAreaPage [main] Fields cleared
2024-02-11 18:53:39,622 INFO p.PersonalAreaPage [main] Fields cleared
2024-02-11 18:53:39,654 INFO p.PersonalAreaPage [main] Fields cleared
2024-02-11 18:53:51,460 INFO PersonalAreaTest [main] Quit driver
2024-02-11 19:05:07,900 INFO PersonalAreaTest [main] Start driver
2024-02-11 19:05:27,655 INFO PersonalAreaTest [main] Quit driver
2024-02-11 19:06:44,241 INFO PersonalAreaTest [main] Start driver
2024-02-11 19:07:06,045 INFO PersonalAreaTest [main] Quit driver
2024-02-11 19:07:39,769 INFO PersonalAreaTest [main] Start driver
2024-02-11 19:08:41,152 INFO p.PersonalAreaPage [main] Fields cleared
2024-02-11 19:08:41,197 INFO p.PersonalAreaPage [main] Fields cleared
2024-02-11 19:08:41,242 INFO p.PersonalAreaPage [main] Fields cleared
2024-02-11 19:08:41,287 INFO p.PersonalAreaPage [main] Fields cleared
2024-02-11 19:08:41,337 INFO p.PersonalAreaPage [main] Fields cleared
2024-02-11 19:08:41,383 INFO p.PersonalAreaPage [main] Fields cleared
2024-02-11 19:08:53,073 INFO PersonalAreaTest [main] Quit driver
2024-02-11 19:32:13,539 INFO PersonalAreaTest [main] Start driver
2024-02-11 19:33:17,106 INFO p.PersonalAreaPage [main] Fields cleared
2024-02-11 19:33:17,149 INFO p.PersonalAreaPage [main] Fields cleared
2024-02-11 19:33:17,190 INFO p.PersonalAreaPage [main] Fields cleared
2024-02-11 19:33:17,259 INFO p.PersonalAreaPage [main] Fields cleared
2024-02-11 19:33:17,317 INFO p.PersonalAreaPage [main] Fields cleared
2024-02-11 19:33:17,356 INFO p.PersonalAreaPage [main] Fields cleared
2024-02-11 19:33:30,352 INFO PersonalAreaTest [main] Quit driver
2024-02-11 19:34:52,861 INFO PersonalAreaTest [main] Start driver
2024-02-11 19:35:18,773 INFO PersonalAreaTest [main] Quit driver
2024-02-11 19:53:45,677 INFO PersonalAreaTest [main] Start driver
2024-02-11 19:54:09,026 INFO PersonalAreaTest [main] Quit driver
2024-02-11 19:54:53,390 INFO PersonalAreaTest [main] Start driver
2024-02-11 19:55:16,019 INFO PersonalAreaTest [main] Quit driver
2024-02-11 20:11:52,498 INFO PersonalAreaTest [main] Start driver
2024-02-11 20:12:59,573 INFO p.PersonalAreaPage [main] Fields cleared
2024-02-11 20:12:59,651 INFO p.PersonalAreaPage [main] Fields cleared
2024-02-11 20:12:59,729 INFO p.PersonalAreaPage [main] Fields cleared
2024-02-11 20:12:59,807 INFO p.PersonalAreaPage [main] Fields cleared
2024-02-11 20:12:59,863 INFO p.PersonalAreaPage [main] Fields cleared
2024-02-11 20:12:59,926 INFO p.PersonalAreaPage [main] Fields cleared
2024-02-11 20:13:16,177 INFO PersonalAreaTest [main] Quit driver
2024-02-11 20:45:05,365 INFO PersonalAreaTest [main] Start driver
2024-02-11 20:45:32,824 INFO PersonalAreaTest [main] Quit driver
2024-02-11 20:47:32,961 INFO PersonalAreaTest [main] Start driver
2024-02-11 20:48:07,491 INFO PersonalAreaTest [main] Quit driver
2024-02-11 21:05:59,959 INFO PersonalAreaTest [main] Start driver
2024-02-11 21:07:01,570 INFO p.PersonalAreaPage [main] Fields cleared
2024-02-11 21:07:01,596 INFO p.PersonalAreaPage [main] Fields cleared
2024-02-11 21:07:01,626 INFO p.PersonalAreaPage [main] Fields cleared
2024-02-11 21:07:01,654 INFO p.PersonalAreaPage [main] Fields cleared
2024-02-11 21:07:01,682 INFO p.PersonalAreaPage [main] Fields cleared
2024-02-11 21:07:01,709 INFO p.PersonalAreaPage [main] Fields cleared
2024-02-11 21:07:02,389 INFO PersonalAreaTest [main] Quit driver
2024-02-11 21:22:52,324 INFO PersonalAreaTest [main] Start driver
2024-02-11 21:23:56,399 INFO p.PersonalAreaPage [main] Fields cleared
2024-02-11 21:23:56,424 INFO p.PersonalAreaPage [main] Fields cleared
2024-02-11 21:23:56,454 INFO p.PersonalAreaPage [main] Fields cleared
2024-02-11 21:23:56,479 INFO p.PersonalAreaPage [main] Fields cleared
2024-02-11 21:23:56,507 INFO p.PersonalAreaPage [main] Fields cleared
2024-02-11 21:23:56,532 INFO p.PersonalAreaPage [main] Fields cleared
2024-02-11 21:23:57,230 INFO PersonalAreaTest [main] Quit driver
2024-02-11 21:27:10,404 INFO PersonalAreaTest [main] Start driver
2024-02-11 21:28:12,375 INFO p.PersonalAreaPage [main] Fields cleared
2024-02-11 21:28:12,402 INFO p.PersonalAreaPage [main] Fields cleared
2024-02-11 21:28:12,430 INFO p.PersonalAreaPage [main] Fields cleared
2024-02-11 21:28:12,456 INFO p.PersonalAreaPage [main] Fields cleared
2024-02-11 21:28:12,485 INFO p.PersonalAreaPage [main] Fields cleared
2024-02-11 21:28:12,511 INFO p.PersonalAreaPage [main] Fields cleared
2024-02-11 21:28:13,199 INFO PersonalAreaTest [main] Quit driver
2024-02-11 21:32:43,239 INFO PersonalAreaTest [main] Start driver
2024-02-11 21:33:44,386 INFO p.PersonalAreaPage [main] Fields cleared
2024-02-11 21:33:44,414 INFO p.PersonalAreaPage [main] Fields cleared
2024-02-11 21:33:44,443 INFO p.PersonalAreaPage [main] Fields cleared
2024-02-11 21:33:44,469 INFO p.PersonalAreaPage [main] Fields cleared
2024-02-11 21:33:44,497 INFO p.PersonalAreaPage [main] Fields cleared
2024-02-11 21:33:44,525 INFO p.PersonalAreaPage [main] Fields cleared
2024-02-11 21:33:45,128 INFO PersonalAreaTest [main] Quit driver
2024-02-11 21:57:44,635 INFO PersonalAreaTest [main] Start driver
2024-02-11 21:58:47,749 INFO p.PersonalAreaPage [main] Fields cleared
2024-02-11 21:58:47,775 INFO p.PersonalAreaPage [main] Fields cleared
2024-02-11 21:58:47,804 INFO p.PersonalAreaPage [main] Fields cleared
2024-02-11 21:58:47,830 INFO p.PersonalAreaPage [main] Fields cleared
2024-02-11 21:58:47,858 INFO p.PersonalAreaPage [main] Fields cleared
2024-02-11 21:58:47,883 INFO p.PersonalAreaPage [main] Fields cleared
2024-02-11 21:58:48,655 INFO PersonalAreaTest [main] Quit driver
2024-02-11 22:00:19,828 INFO PersonalAreaTest [main] Start driver
2024-02-11 22:01:19,799 INFO p.PersonalAreaPage [main] Fields cleared
2024-02-11 22:01:19,827 INFO p.PersonalAreaPage [main] Fields cleared
2024-02-11 22:01:19,855 INFO p.PersonalAreaPage [main] Fields cleared
2024-02-11 22:01:19,882 INFO p.PersonalAreaPage [main] Fields cleared
2024-02-11 22:01:19,911 INFO p.PersonalAreaPage [main] Fields cleared
2024-02-11 22:01:19,936 INFO p.PersonalAreaPage [main] Fields cleared
2024-02-11 22:01:31,152 INFO PersonalAreaTest [main] Quit driver
2024-02-11 22:08:07,466 INFO PersonalAreaTest [main] Start driver
2024-02-11 22:09:09,554 INFO p.PersonalAreaPage [main] Fields cleared
2024-02-11 22:09:09,579 INFO p.PersonalAreaPage [main] Fields cleared
2024-02-11 22:09:09,607 INFO p.PersonalAreaPage [main] Fields cleared
2024-02-11 22:09:09,631 INFO p.PersonalAreaPage [main] Fields cleared
2024-02-11 22:09:09,660 INFO p.PersonalAreaPage [main] Fields cleared
2024-02-11 22:09:09,684 INFO p.PersonalAreaPage [main] Fields cleared
2024-02-11 22:09:10,784 INFO PersonalAreaTest [main] Quit driver
2024-02-11 22:15:00,235 INFO PersonalAreaTest [main] Start driver
2024-02-11 22:16:00,199 INFO p.PersonalAreaPage [main] Fields cleared
2024-02-11 22:16:00,224 INFO p.PersonalAreaPage [main] Fields cleared
2024-02-11 22:16:00,254 INFO p.PersonalAreaPage [main] Fields cleared
2024-02-11 22:16:00,279 INFO p.PersonalAreaPage [main] Fields cleared
2024-02-11 22:16:00,306 INFO p.PersonalAreaPage [main] Fields cleared
2024-02-11 22:16:00,332 INFO p.PersonalAreaPage [main] Fields cleared
2024-02-11 22:16:11,397 INFO PersonalAreaTest [main] Quit driver
2024-02-11 22:19:57,890 INFO PersonalAreaTest [main] Start driver
2024-02-11 22:20:56,709 INFO p.PersonalAreaPage [main] Fields cleared
2024-02-11 22:20:56,735 INFO p.PersonalAreaPage [main] Fields cleared
2024-02-11 22:20:56,762 INFO p.PersonalAreaPage [main] Fields cleared
2024-02-11 22:20:56,790 INFO p.PersonalAreaPage [main] Fields cleared
2024-02-11 22:20:56,816 INFO p.PersonalAreaPage [main] Fields cleared
2024-02-11 22:20:56,843 INFO p.PersonalAreaPage [main] Fields cleared
2024-02-11 22:20:57,532 INFO PersonalAreaTest [main] Quit driver
2024-02-11 22:23:10,153 INFO PersonalAreaTest [main] Start driver
2024-02-11 22:24:09,277 INFO p.PersonalAreaPage [main] Fields cleared
2024-02-11 22:24:09,305 INFO p.PersonalAreaPage [main] Fields cleared
2024-02-11 22:24:09,332 INFO p.PersonalAreaPage [main] Fields cleared
2024-02-11 22:24:09,357 INFO p.PersonalAreaPage [main] Fields cleared
2024-02-11 22:24:09,384 INFO p.PersonalAreaPage [main] Fields cleared
2024-02-11 22:24:09,408 INFO p.PersonalAreaPage [main] Fields cleared
2024-02-11 22:24:20,599 INFO PersonalAreaTest [main] Quit driver
2024-02-11 22:30:26,255 INFO PersonalAreaTest [main] Start driver
2024-02-11 22:30:44,601 INFO PersonalAreaTest [main] Quit driver
2024-02-11 22:31:05,726 INFO PersonalAreaTest [main] Start driver
2024-02-11 22:32:05,591 INFO p.PersonalAreaPage [main] Fields cleared
2024-02-11 22:32:05,617 INFO p.PersonalAreaPage [main] Fields cleared
2024-02-11 22:32:05,645 INFO p.PersonalAreaPage [main] Fields cleared
2024-02-11 22:32:05,670 INFO p.PersonalAreaPage [main] Fields cleared
2024-02-11 22:32:05,697 INFO p.PersonalAreaPage [main] Fields cleared
2024-02-11 22:32:05,730 INFO p.PersonalAreaPage [main] Fields cleared
2024-02-11 22:32:06,644 INFO PersonalAreaTest [main] Quit driver
2024-02-11 22:34:49,009 INFO PersonalAreaTest [main] Start driver
2024-02-11 22:35:51,371 INFO p.PersonalAreaPage [main] Fields cleared
2024-02-11 22:35:51,397 INFO p.PersonalAreaPage [main] Fields cleared
2024-02-11 22:35:51,426 INFO p.PersonalAreaPage [main] Fields cleared
2024-02-11 22:35:51,451 INFO p.PersonalAreaPage [main] Fields cleared
2024-02-11 22:35:51,478 INFO p.PersonalAreaPage [main] Fields cleared
2024-02-11 22:35:51,503 INFO p.PersonalAreaPage [main] Fields cleared
2024-02-11 22:35:52,385 INFO PersonalAreaTest [main] Quit driver
2024-02-11 22:38:24,015 INFO PersonalAreaTest [main] Start driver
2024-02-11 22:39:39,352 INFO p.PersonalAreaPage [main] Fields cleared
2024-02-11 22:39:39,383 INFO p.PersonalAreaPage [main] Fields cleared
2024-02-11 22:39:39,413 INFO p.PersonalAreaPage [main] Fields cleared
2024-02-11 22:39:39,440 INFO p.PersonalAreaPage [main] Fields cleared
2024-02-11 22:39:39,468 INFO p.PersonalAreaPage [main] Fields cleared
2024-02-11 22:39:39,496 INFO p.PersonalAreaPage [main] Fields cleared
2024-02-11 22:39:40,315 INFO PersonalAreaTest [main] Quit driver
2024-02-11 22:41:20,337 INFO PersonalAreaTest [main] Start driver
2024-02-11 22:42:19,934 INFO p.PersonalAreaPage [main] Fields cleared
2024-02-11 22:42:19,962 INFO p.PersonalAreaPage [main] Fields cleared
2024-02-11 22:42:19,992 INFO p.PersonalAreaPage [main] Fields cleared
2024-02-11 22:42:20,020 INFO p.PersonalAreaPage [main] Fields cleared
2024-02-11 22:42:20,048 INFO p.PersonalAreaPage [main] Fields cleared
2024-02-11 22:42:20,075 INFO p.PersonalAreaPage [main] Fields cleared
2024-02-11 22:42:31,428 INFO PersonalAreaTest [main] Quit driver
2024-02-11 23:14:00,765 INFO PersonalAreaTest [main] Start driver
2024-02-11 23:14:19,092 INFO PersonalAreaTest [main] Quit driver
2024-02-11 23:17:26,943 INFO PersonalAreaTest [main] Start driver
2024-02-11 23:18:28,804 INFO p.PersonalAreaPage [main] Fields cleared
2024-02-11 23:18:28,831 INFO p.PersonalAreaPage [main] Fields cleared
2024-02-11 23:18:28,859 INFO p.PersonalAreaPage [main] Fields cleared
2024-02-11 23:18:28,885 INFO p.PersonalAreaPage [main] Fields cleared
2024-02-11 23:18:28,912 INFO p.PersonalAreaPage [main] Fields cleared
2024-02-11 23:18:28,938 INFO p.PersonalAreaPage [main] Fields cleared
2024-02-11 23:18:40,256 INFO PersonalAreaTest [main] Quit driver
2024-02-11 23:19:32,710 INFO PersonalAreaTest [main] Start driver
2024-02-11 23:20:31,713 INFO p.PersonalAreaPage [main] Fields cleared
2024-02-11 23:20:31,742 INFO p.PersonalAreaPage [main] Fields cleared
2024-02-11 23:20:31,772 INFO p.PersonalAreaPage [main] Fields cleared
2024-02-11 23:20:31,799 INFO p.PersonalAreaPage [main] Fields cleared
2024-02-11 23:20:31,826 INFO p.PersonalAreaPage [main] Fields cleared
2024-02-11 23:20:31,854 INFO p.PersonalAreaPage [main] Fields cleared
2024-02-11 23:20:43,498 INFO PersonalAreaTest [main] Quit driver
2024-02-11 23:27:27,954 INFO PersonalAreaTest [main] Start driver
2024-02-11 23:28:30,813 INFO p.PersonalAreaPage [main] Fields cleared
2024-02-11 23:28:30,845 INFO p.PersonalAreaPage [main] Fields cleared
2024-02-11 23:28:30,875 INFO p.PersonalAreaPage [main] Fields cleared
2024-02-11 23:28:30,900 INFO p.PersonalAreaPage [main] Fields cleared
2024-02-11 23:28:30,951 INFO p.PersonalAreaPage [main] Fields cleared
2024-02-11 23:28:30,977 INFO p.PersonalAreaPage [main] Fields cleared
2024-02-11 23:28:42,556 INFO PersonalAreaTest [main] Quit driver
2024-02-11 23:33:54,569 INFO PersonalAreaTest [main] Start driver
2024-02-11 23:35:12,958 INFO p.PersonalAreaPage [main] Fields cleared
2024-02-11 23:35:12,983 INFO p.PersonalAreaPage [main] Fields cleared
2024-02-11 23:35:13,012 INFO p.PersonalAreaPage [main] Fields cleared
2024-02-11 23:35:13,037 INFO p.PersonalAreaPage [main] Fields cleared
2024-02-11 23:35:13,064 INFO p.PersonalAreaPage [main] Fields cleared
2024-02-11 23:35:13,090 INFO p.PersonalAreaPage [main] Fields cleared
2024-02-11 23:35:35,256 INFO PersonalAreaTest [main] Quit driver
2024-02-11 23:40:24,155 INFO PersonalAreaTest [main] Start driver
2024-02-11 23:40:51,755 INFO PersonalAreaTest [main] Quit driver
2024-02-11 23:42:43,297 INFO PersonalAreaTest [main] Start driver
2024-02-11 23:43:44,503 INFO p.PersonalAreaPage [main] Fields cleared
2024-02-11 23:43:44,527 INFO p.PersonalAreaPage [main] Fields cleared
2024-02-11 23:43:44,555 INFO p.PersonalAreaPage [main] Fields cleared
2024-02-11 23:43:44,582 INFO p.PersonalAreaPage [main] Fields cleared
2024-02-11 23:43:44,608 INFO p.PersonalAreaPage [main] Fields cleared
2024-02-11 23:43:44,634 INFO p.PersonalAreaPage [main] Fields cleared
2024-02-11 23:43:56,085 INFO PersonalAreaTest [main] Quit driver
2024-02-11 23:50:04,237 INFO PersonalAreaTest [main] Start driver
2024-02-11 23:50:36,170 INFO PersonalAreaTest [main] Start driver
2024-02-11 23:51:37,578 INFO p.PersonalAreaPage [main] Fields cleared
2024-02-11 23:51:37,603 INFO p.PersonalAreaPage [main] Fields cleared
2024-02-11 23:51:37,630 INFO p.PersonalAreaPage [main] Fields cleared
2024-02-11 23:51:37,657 INFO p.PersonalAreaPage [main] Fields cleared
2024-02-11 23:51:37,683 INFO p.PersonalAreaPage [main] Fields cleared
2024-02-11 23:51:37,708 INFO p.PersonalAreaPage [main] Fields cleared
2024-02-11 23:51:49,136 INFO PersonalAreaTest [main] Quit driver
2024-02-11 23:57:18,762 INFO PersonalAreaTest [main] Start driver
2024-02-11 23:58:20,129 INFO p.PersonalAreaPage [main] Fields cleared
2024-02-11 23:58:20,155 INFO p.PersonalAreaPage [main] Fields cleared
2024-02-11 23:58:20,182 INFO p.PersonalAreaPage [main] Fields cleared
2024-02-11 23:58:20,207 INFO p.PersonalAreaPage [main] Fields cleared
2024-02-11 23:58:20,234 INFO p.PersonalAreaPage [main] Fields cleared
2024-02-11 23:58:20,269 INFO p.PersonalAreaPage [main] Fields cleared
2024-02-11 23:58:41,899 INFO PersonalAreaTest [main] Quit driver
2024-02-12 00:00:33,155 INFO PersonalAreaTest [main] Start driver
2024-02-12 00:01:32,540 INFO p.PersonalAreaPage [main] Fields cleared
2024-02-12 00:01:32,567 INFO p.PersonalAreaPage [main] Fields cleared
2024-02-12 00:01:32,594 INFO p.PersonalAreaPage [main] Fields cleared
2024-02-12 00:01:32,620 INFO p.PersonalAreaPage [main] Fields cleared
2024-02-12 00:01:32,647 INFO p.PersonalAreaPage [main] Fields cleared
2024-02-12 00:01:32,671 INFO p.PersonalAreaPage [main] Fields cleared
2024-02-12 00:01:54,798 INFO PersonalAreaTest [main] Quit driver
2024-02-12 00:02:40,894 INFO PersonalAreaTest [main] Start driver
2024-02-12 00:03:40,714 INFO p.PersonalAreaPage [main] Fields cleared
2024-02-12 00:03:40,740 INFO p.PersonalAreaPage [main] Fields cleared
2024-02-12 00:03:40,769 INFO p.PersonalAreaPage [main] Fields cleared
2024-02-12 00:03:40,796 INFO p.PersonalAreaPage [main] Fields cleared
2024-02-12 00:03:40,822 INFO p.PersonalAreaPage [main] Fields cleared
2024-02-12 00:03:40,848 INFO p.PersonalAreaPage [main] Fields cleared
2024-02-12 00:04:02,963 INFO PersonalAreaTest [main] Quit driver
2024-02-12 00:09:30,166 INFO PersonalAreaTest [main] Start driver
2024-02-12 00:10:32,092 INFO p.PersonalAreaPage [main] Fields cleared
2024-02-12 00:10:32,119 INFO p.PersonalAreaPage [main] Fields cleared
2024-02-12 00:10:32,154 INFO p.PersonalAreaPage [main] Fields cleared
2024-02-12 00:10:32,180 INFO p.PersonalAreaPage [main] Fields cleared
2024-02-12 00:10:32,208 INFO p.PersonalAreaPage [main] Fields cleared
2024-02-12 00:10:32,234 INFO p.PersonalAreaPage [main] Fields cleared
2024-02-12 00:10:53,661 INFO PersonalAreaTest [main] Quit driver
2024-02-12 00:12:42,084 INFO PersonalAreaTest [main] Start driver
2024-02-12 00:13:42,203 INFO p.PersonalAreaPage [main] Fields cleared
2024-02-12 00:13:42,245 INFO p.PersonalAreaPage [main] Fields cleared
2024-02-12 00:13:42,276 INFO p.PersonalAreaPage [main] Fields cleared
2024-02-12 00:13:42,302 INFO p.PersonalAreaPage [main] Fields cleared
2024-02-12 00:13:42,334 INFO p.PersonalAreaPage [main] Fields cleared
2024-02-12 00:13:42,363 INFO p.PersonalAreaPage [main] Fields cleared
2024-02-12 00:14:03,825 INFO PersonalAreaTest [main] Quit driver
2024-02-12 00:14:21,888 INFO PersonalAreaTest [main] Start driver
2024-02-12 00:15:24,946 INFO p.PersonalAreaPage [main] Fields cleared
2024-02-12 00:15:24,973 INFO p.PersonalAreaPage [main] Fields cleared
2024-02-12 00:15:25,007 INFO p.PersonalAreaPage [main] Fields cleared
2024-02-12 00:15:25,034 INFO p.PersonalAreaPage [main] Fields cleared
2024-02-12 00:15:25,065 INFO p.PersonalAreaPage [main] Fields cleared
2024-02-12 00:15:25,092 INFO p.PersonalAreaPage [main] Fields cleared
2024-02-12 00:15:56,803 INFO PersonalAreaTest [main] Quit driver
2024-02-12 00:16:55,729 INFO PersonalAreaTest [main] Start driver
2024-02-12 00:18:17,986 INFO p.PersonalAreaPage [main] Fields cleared
2024-02-12 00:18:18,027 INFO p.PersonalAreaPage [main] Fields cleared
2024-02-12 00:18:18,063 INFO p.PersonalAreaPage [main] Fields cleared
2024-02-12 00:18:18,092 INFO p.PersonalAreaPage [main] Fields cleared
2024-02-12 00:18:18,126 INFO p.PersonalAreaPage [main] Fields cleared
2024-02-12 00:18:18,155 INFO p.PersonalAreaPage [main] Fields cleared
2024-02-12 00:19:19,973 INFO PersonalAreaTest [main] Quit driver
2024-02-12 00:21:55,494 INFO PersonalAreaTest [main] Start driver
2024-02-12 00:23:10,374 INFO PersonalAreaTest [main] Start driver
2024-02-12 00:24:11,833 INFO p.PersonalAreaPage [main] Fields cleared
2024-02-12 00:24:11,889 INFO p.PersonalAreaPage [main] Fields cleared
2024-02-12 00:24:11,940 INFO p.PersonalAreaPage [main] Fields cleared
2024-02-12 00:24:11,986 INFO p.PersonalAreaPage [main] Fields cleared
2024-02-12 00:24:12,028 INFO p.PersonalAreaPage [main] Fields cleared
2024-02-12 00:24:12,096 INFO p.PersonalAreaPage [main] Fields cleared
2024-02-12 00:24:34,747 INFO PersonalAreaTest [main] Quit driver
2024-02-12 00:35:35,434 INFO PersonalAreaTest [main] Start driver
2024-02-12 00:37:37,694 INFO PersonalAreaTest [main] Start driver
2024-02-12 00:39:37,697 INFO PersonalAreaTest [main] Start driver
2024-02-12 00:41:29,933 INFO p.PersonalAreaPage [main] Fields cleared
2024-02-12 00:41:29,959 INFO p.PersonalAreaPage [main] Fields cleared
2024-02-12 00:41:29,986 INFO p.PersonalAreaPage [main] Fields cleared
2024-02-12 00:41:30,012 INFO p.PersonalAreaPage [main] Fields cleared
2024-02-12 00:41:30,040 INFO p.PersonalAreaPage [main] Fields cleared
2024-02-12 00:41:30,064 INFO p.PersonalAreaPage [main] Fields cleared
2024-02-12 00:42:31,688 INFO PersonalAreaTest [main] Quit driver
2024-02-12 00:43:57,846 INFO PersonalAreaTest [main] Start driver
2024-02-12 00:47:20,301 INFO PersonalAreaTest [main] Start driver
2024-02-12 00:48:33,522 INFO PersonalAreaTest [main] Start driver
2024-02-12 00:49:21,970 INFO p.PersonalAreaPage [main] Fields cleared
2024-02-12 00:49:21,996 INFO p.PersonalAreaPage [main] Fields cleared
2024-02-12 00:49:22,026 INFO p.PersonalAreaPage [main] Fields cleared
2024-02-12 00:49:22,053 INFO p.PersonalAreaPage [main] Fields cleared
2024-02-12 00:49:22,083 INFO p.PersonalAreaPage [main] Fields cleared
2024-02-12 00:49:22,108 INFO p.PersonalAreaPage [main] Fields cleared
2024-02-12 00:51:23,684 INFO PersonalAreaTest [main] Quit driver
2024-02-12 00:55:17,301 INFO PersonalAreaTest [main] Start driver
2024-02-12 00:56:08,349 INFO PersonalAreaTest [main] Start driver
2024-02-12 00:56:29,835 INFO PersonalAreaTest [main] Start driver
2024-02-12 00:57:20,970 INFO p.PersonalAreaPage [main] Fields cleared
2024-02-12 00:57:20,999 INFO p.PersonalAreaPage [main] Fields cleared
2024-02-12 00:57:21,028 INFO p.PersonalAreaPage [main] Fields cleared
2024-02-12 00:57:21,056 INFO p.PersonalAreaPage [main] Fields cleared
2024-02-12 00:57:21,085 INFO p.PersonalAreaPage [main] Fields cleared
2024-02-12 00:57:21,111 INFO p.PersonalAreaPage [main] Fields cleared
2024-02-12 00:58:22,479 INFO PersonalAreaTest [main] Quit driver
2024-02-12 01:03:37,636 INFO PersonalAreaTest [main] Start driver
2024-02-12 01:03:56,426 INFO PersonalAreaTest [main] Start driver
2024-02-12 01:04:21,944 INFO PersonalAreaTest [main] Start driver
2024-02-12 01:10:08,660 INFO PersonalAreaTest [main] Start driver
2024-02-12 01:10:28,826 INFO PersonalAreaTest [main] Start driver
2024-02-12 01:10:51,744 INFO PersonalAreaTest [main] Start driver
2024-02-12 01:14:02,827 INFO PersonalAreaTest [main] Start driver
2024-02-12 01:16:30,423 INFO PersonalAreaTest [main] Start driver
2024-02-12 01:17:25,522 INFO p.PersonalAreaPage [main] Fields cleared
2024-02-12 01:17:25,550 INFO p.PersonalAreaPage [main] Fields cleared
2024-02-12 01:17:25,579 INFO p.PersonalAreaPage [main] Fields cleared
2024-02-12 01:17:25,605 INFO p.PersonalAreaPage [main] Fields cleared
2024-02-12 01:17:25,632 INFO p.PersonalAreaPage [main] Fields cleared
2024-02-12 01:17:25,661 INFO p.PersonalAreaPage [main] Fields cleared
2024-02-12 01:18:27,147 INFO PersonalAreaTest [main] Quit driver
2024-02-12 01:22:04,481 INFO PersonalAreaTest [main] Start driver
2024-02-12 01:23:00,476 INFO p.PersonalAreaPage [main] Fields cleared
2024-02-12 01:23:00,506 INFO p.PersonalAreaPage [main] Fields cleared
2024-02-12 01:23:00,535 INFO p.PersonalAreaPage [main] Fields cleared
2024-02-12 01:23:00,562 INFO p.PersonalAreaPage [main] Fields cleared
2024-02-12 01:23:00,590 INFO p.PersonalAreaPage [main] Fields cleared
2024-02-12 01:23:00,615 INFO p.PersonalAreaPage [main] Fields cleared
2024-02-12 01:24:02,299 INFO PersonalAreaTest [main] Quit driver
2024-02-12 01:32:57,710 INFO PersonalAreaTest [main] Start driver
2024-02-12 01:33:50,718 INFO p.PersonalAreaPage [main] Fields cleared
2024-02-12 01:33:50,744 INFO p.PersonalAreaPage [main] Fields cleared
2024-02-12 01:33:50,772 INFO p.PersonalAreaPage [main] Fields cleared
2024-02-12 01:33:50,797 INFO p.PersonalAreaPage [main] Fields cleared
2024-02-12 01:33:50,826 INFO p.PersonalAreaPage [main] Fields cleared
2024-02-12 01:33:50,852 INFO p.PersonalAreaPage [main] Fields cleared
2024-02-12 01:34:52,324 INFO PersonalAreaTest [main] Quit driver
2024-02-12 01:40:36,524 INFO PersonalAreaTest [main] Start driver
2024-02-12 01:41:28,968 INFO p.PersonalAreaPage [main] Fields cleared
2024-02-12 01:41:28,994 INFO p.PersonalAreaPage [main] Fields cleared
2024-02-12 01:41:29,025 INFO p.PersonalAreaPage [main] Fields cleared
2024-02-12 01:41:29,051 INFO p.PersonalAreaPage [main] Fields cleared
2024-02-12 01:41:29,077 INFO p.PersonalAreaPage [main] Fields cleared
2024-02-12 01:41:29,103 INFO p.PersonalAreaPage [main] Fields cleared
2024-02-12 01:41:40,655 INFO PersonalAreaTest [main] Quit driver
2024-02-12 01:43:36,537 INFO PersonalAreaTest [main] Start driver
2024-02-12 01:43:53,264 INFO PersonalAreaTest [main] Quit driver
2024-02-12 01:44:05,424 INFO PersonalAreaTest [main] Start driver
2024-02-12 01:44:54,871 INFO p.PersonalAreaPage [main] Fields cleared
2024-02-12 01:44:54,899 INFO p.PersonalAreaPage [main] Fields cleared
2024-02-12 01:44:54,929 INFO p.PersonalAreaPage [main] Fields cleared
2024-02-12 01:44:54,957 INFO p.PersonalAreaPage [main] Fields cleared
2024-02-12 01:44:54,984 INFO p.PersonalAreaPage [main] Fields cleared
2024-02-12 01:44:55,013 INFO p.PersonalAreaPage [main] Fields cleared
2024-02-12 01:45:06,500 INFO PersonalAreaTest [main] Quit driver
2024-02-12 01:51:11,117 INFO PersonalAreaTest [main] Start driver
2024-02-12 01:51:59,932 INFO p.PersonalAreaPage [main] Fields cleared
2024-02-12 01:51:59,962 INFO p.PersonalAreaPage [main] Fields cleared
2024-02-12 01:51:59,991 INFO p.PersonalAreaPage [main] Fields cleared
2024-02-12 01:52:00,018 INFO p.PersonalAreaPage [main] Fields cleared
2024-02-12 01:52:00,047 INFO p.PersonalAreaPage [main] Fields cleared
2024-02-12 01:52:00,073 INFO p.PersonalAreaPage [main] Fields cleared
2024-02-12 01:52:11,693 INFO PersonalAreaTest [main] Quit driver
2024-02-12 02:08:15,515 INFO PersonalAreaTest [main] Start driver
2024-02-12 02:08:32,251 INFO PersonalAreaTest [main] Quit driver
2024-02-12 02:08:40,568 INFO PersonalAreaTest [main] Start driver
2024-02-12 02:09:33,182 INFO p.PersonalAreaPage [main] Fields cleared
2024-02-12 02:09:33,210 INFO p.PersonalAreaPage [main] Fields cleared
2024-02-12 02:09:33,240 INFO p.PersonalAreaPage [main] Fields cleared
2024-02-12 02:09:33,268 INFO p.PersonalAreaPage [main] Fields cleared
2024-02-12 02:09:33,296 INFO p.PersonalAreaPage [main] Fields cleared
2024-02-12 02:09:33,323 INFO p.PersonalAreaPage [main] Fields cleared
2024-02-12 02:09:45,327 INFO PersonalAreaTest [main] Quit driver
2024-02-12 02:10:09,313 INFO PersonalAreaTest [main] Start driver
2024-02-12 02:10:15,347 INFO PersonalAreaTest [main] Quit driver
2024-02-12 02:10:26,986 INFO PersonalAreaTest [main] Start driver
2024-02-12 02:11:15,516 INFO p.PersonalAreaPage [main] Fields cleared
2024-02-12 02:11:15,545 INFO p.PersonalAreaPage [main] Fields cleared
2024-02-12 02:11:15,574 INFO p.PersonalAreaPage [main] Fields cleared
2024-02-12 02:11:15,601 INFO p.PersonalAreaPage [main] Fields cleared
2024-02-12 02:11:15,630 INFO p.PersonalAreaPage [main] Fields cleared
2024-02-12 02:11:15,655 INFO p.PersonalAreaPage [main] Fields cleared
2024-02-12 02:11:27,420 INFO PersonalAreaTest [main] Quit driver
2024-02-12 02:14:36,130 INFO PersonalAreaTest [main] Start driver
2024-02-12 02:14:42,519 INFO PersonalAreaTest [main] Quit driver
2024-02-12 02:14:52,842 INFO PersonalAreaTest [main] Start driver
2024-02-12 02:15:42,541 INFO p.PersonalAreaPage [main] Fields cleared
2024-02-12 02:15:42,567 INFO p.PersonalAreaPage [main] Fields cleared
2024-02-12 02:15:42,595 INFO p.PersonalAreaPage [main] Fields cleared
2024-02-12 02:15:42,621 INFO p.PersonalAreaPage [main] Fields cleared
2024-02-12 02:15:42,649 INFO p.PersonalAreaPage [main] Fields cleared
2024-02-12 02:15:42,676 INFO p.PersonalAreaPage [main] Fields cleared
2024-02-12 02:16:34,858 INFO PersonalAreaTest [main] Quit driver
2024-02-12 02:22:52,589 INFO PersonalAreaTest [main] Start driver
2024-02-12 02:23:08,687 INFO PersonalAreaTest [main] Quit driver
2024-02-12 02:25:56,877 INFO PersonalAreaTest [main] Start driver
2024-02-12 02:26:47,736 INFO p.PersonalAreaPage [main] Fields cleared
2024-02-12 02:26:47,765 INFO p.PersonalAreaPage [main] Fields cleared
2024-02-12 02:26:47,794 INFO p.PersonalAreaPage [main] Fields cleared
2024-02-12 02:26:47,822 INFO p.PersonalAreaPage [main] Fields cleared
2024-02-12 02:26:47,848 INFO p.PersonalAreaPage [main] Fields cleared
2024-02-12 02:26:47,883 INFO p.PersonalAreaPage [main] Fields cleared
2024-02-12 02:26:59,197 INFO PersonalAreaTest [main] Quit driver
2024-02-12 02:29:30,498 INFO PersonalAreaTest [main] Start driver
2024-02-12 02:29:37,033 INFO PersonalAreaTest [main] Quit driver
2024-02-12 02:29:37,721 INFO PersonalAreaTest [main] Start driver
2024-02-12 02:30:26,867 INFO p.PersonalAreaPage [main] Fields cleared
2024-02-12 02:30:26,895 INFO p.PersonalAreaPage [main] Fields cleared
2024-02-12 02:30:26,923 INFO p.PersonalAreaPage [main] Fields cleared
2024-02-12 02:30:26,949 INFO p.PersonalAreaPage [main] Fields cleared
2024-02-12 02:30:26,978 INFO p.PersonalAreaPage [main] Fields cleared
2024-02-12 02:30:27,012 INFO p.PersonalAreaPage [main] Fields cleared
2024-02-12 02:30:38,364 INFO PersonalAreaTest [main] Quit driver
2024-02-12 09:07:40,665 INFO PersonalAreaTest [main] Start driver
2024-02-12 09:08:00,049 INFO PersonalAreaTest [main] Quit driver
2024-02-12 09:08:01,052 INFO PersonalAreaTest [main] Start driver
2024-02-12 09:08:53,615 INFO p.PersonalAreaPage [main] Fields cleared
2024-02-12 09:08:53,678 INFO p.PersonalAreaPage [main] Fields cleared
2024-02-12 09:08:53,737 INFO p.PersonalAreaPage [main] Fields cleared
2024-02-12 09:08:53,790 INFO p.PersonalAreaPage [main] Fields cleared
2024-02-12 09:08:53,844 INFO p.PersonalAreaPage [main] Fields cleared
2024-02-12 09:08:53,944 INFO p.PersonalAreaPage [main] Fields cleared
2024-02-12 09:09:06,981 INFO PersonalAreaTest [main] Quit driver
2024-02-12 09:32:27,562 INFO PersonalAreaTest [main] Start driver
2024-02-12 09:32:34,854 INFO PersonalAreaTest [main] Quit driver
2024-02-12 09:32:35,517 INFO PersonalAreaTest [main] Start driver
2024-02-12 09:33:26,656 INFO p.PersonalAreaPage [main] Fields cleared
2024-02-12 09:33:26,685 INFO p.PersonalAreaPage [main] Fields cleared
2024-02-12 09:33:26,715 INFO p.PersonalAreaPage [main] Fields cleared
2024-02-12 09:33:26,745 INFO p.PersonalAreaPage [main] Fields cleared
2024-02-12 09:33:26,774 INFO p.PersonalAreaPage [main] Fields cleared
2024-02-12 09:33:26,816 INFO p.PersonalAreaPage [main] Fields cleared
2024-02-12 09:33:38,418 INFO PersonalAreaTest [main] Quit driver
2024-02-12 09:36:06,772 INFO PersonalAreaTest [main] Start driver
2024-02-12 09:36:12,883 INFO PersonalAreaTest [main] Quit driver
2024-02-12 09:36:13,550 INFO PersonalAreaTest [main] Start driver
2024-02-12 09:37:05,632 INFO p.PersonalAreaPage [main] Fields cleared
2024-02-12 09:37:05,661 INFO p.PersonalAreaPage [main] Fields cleared
2024-02-12 09:37:05,688 INFO p.PersonalAreaPage [main] Fields cleared
2024-02-12 09:37:05,717 INFO p.PersonalAreaPage [main] Fields cleared
2024-02-12 09:37:05,745 INFO p.PersonalAreaPage [main] Fields cleared
2024-02-12 09:37:05,784 INFO p.PersonalAreaPage [main] Fields cleared
2024-02-12 09:37:17,490 INFO PersonalAreaTest [main] Quit driver
2024-02-12 09:56:59,968 INFO PersonalAreaTest [main] Start driver
2024-02-12 09:57:06,236 INFO PersonalAreaTest [main] Quit driver
2024-02-12 09:57:06,892 INFO PersonalAreaTest [main] Start driver
2024-02-12 09:57:12,897 INFO PersonalAreaTest [main] Quit driver
2024-02-12 09:57:37,247 INFO PersonalAreaTest [main] Start driver
2024-02-12 09:58:28,174 INFO p.PersonalAreaPage [main] Fields cleared
2024-02-12 09:58:28,210 INFO p.PersonalAreaPage [main] Fields cleared
2024-02-12 09:58:28,240 INFO p.PersonalAreaPage [main] Fields cleared
2024-02-12 09:58:28,268 INFO p.PersonalAreaPage [main] Fields cleared
2024-02-12 09:58:28,297 INFO p.PersonalAreaPage [main] Fields cleared
2024-02-12 09:58:28,352 INFO p.PersonalAreaPage [main] Fields cleared
2024-02-12 09:58:40,146 INFO PersonalAreaTest [main] Quit driver
2024-02-12 10:00:39,794 INFO PersonalAreaTest [main] Start driver
2024-02-12 10:01:28,909 INFO p.PersonalAreaPage [main] Fields cleared
2024-02-12 10:01:28,940 INFO p.PersonalAreaPage [main] Fields cleared
2024-02-12 10:01:28,970 INFO p.PersonalAreaPage [main] Fields cleared
2024-02-12 10:01:28,998 INFO p.PersonalAreaPage [main] Fields cleared
2024-02-12 10:01:29,029 INFO p.PersonalAreaPage [main] Fields cleared
2024-02-12 10:01:29,058 INFO p.PersonalAreaPage [main] Fields cleared
2024-02-12 10:01:40,835 INFO PersonalAreaTest [main] Quit driver
2024-02-12 10:02:29,524 INFO PersonalAreaTest [main] Start driver
2024-02-12 10:03:18,216 INFO p.PersonalAreaPage [main] Fields cleared
2024-02-12 10:03:18,246 INFO p.PersonalAreaPage [main] Fields cleared
2024-02-12 10:03:18,277 INFO p.PersonalAreaPage [main] Fields cleared
2024-02-12 10:03:18,305 INFO p.PersonalAreaPage [main] Fields cleared
2024-02-12 10:03:18,335 INFO p.PersonalAreaPage [main] Fields cleared
2024-02-12 10:03:18,377 INFO p.PersonalAreaPage [main] Fields cleared
2024-02-12 10:03:30,473 INFO PersonalAreaTest [main] Quit driver
2024-02-12 10:03:55,732 INFO PersonalAreaTest [main] Start driver
2024-02-12 10:04:50,999 INFO p.PersonalAreaPage [main] Fields cleared
2024-02-12 10:04:51,031 INFO p.PersonalAreaPage [main] Fields cleared
2024-02-12 10:04:51,059 INFO p.PersonalAreaPage [main] Fields cleared
2024-02-12 10:04:51,088 INFO p.PersonalAreaPage [main] Fields cleared
2024-02-12 10:04:51,117 INFO p.PersonalAreaPage [main] Fields cleared
2024-02-12 10:04:51,159 INFO p.PersonalAreaPage [main] Fields cleared
2024-02-12 10:05:45,185 INFO PersonalAreaTest [main] Quit driver
2024-02-12 10:22:32,054 INFO PersonalAreaTest [main] Start driver
2024-02-12 10:23:24,315 INFO PersonalAreaTest [main] Quit driver
2024-02-12 10:34:02,941 INFO PersonalAreaTest [main] Start driver
2024-02-12 10:34:55,477 INFO p.PersonalAreaPage [main] Fields cleared
2024-02-12 10:34:55,514 INFO p.PersonalAreaPage [main] Fields cleared
2024-02-12 10:34:55,541 INFO p.PersonalAreaPage [main] Fields cleared
2024-02-12 10:34:55,570 INFO p.PersonalAreaPage [main] Fields cleared
2024-02-12 10:34:55,599 INFO p.PersonalAreaPage [main] Fields cleared
2024-02-12 10:34:55,653 INFO p.PersonalAreaPage [main] Fields cleared
2024-02-12 10:34:55,928 INFO PersonalAreaTest [main] Quit driver
2024-02-12 10:44:42,180 INFO PersonalAreaTest [main] Start driver
2024-02-12 10:45:41,397 INFO p.PersonalAreaPage [main] Fields cleared
2024-02-12 10:45:41,427 INFO p.PersonalAreaPage [main] Fields cleared
2024-02-12 10:45:41,455 INFO p.PersonalAreaPage [main] Fields cleared
2024-02-12 10:45:41,483 INFO p.PersonalAreaPage [main] Fields cleared
2024-02-12 10:45:41,512 INFO p.PersonalAreaPage [main] Fields cleared
2024-02-12 10:45:41,547 INFO p.PersonalAreaPage [main] Fields cleared
2024-02-12 10:45:54,160 INFO PersonalAreaTest [main] Quit driver
2024-02-12 10:50:21,246 INFO PersonalAreaTest [main] Start driver
2024-02-12 10:51:13,107 INFO p.PersonalAreaPage [main] Fields cleared
2024-02-12 10:51:13,144 INFO p.PersonalAreaPage [main] Fields cleared
2024-02-12 10:51:13,177 INFO p.PersonalAreaPage [main] Fields cleared
2024-02-12 10:51:13,208 INFO p.PersonalAreaPage [main] Fields cleared
2024-02-12 10:51:13,236 INFO p.PersonalAreaPage [main] Fields cleared
2024-02-12 10:51:13,293 INFO p.PersonalAreaPage [main] Fields cleared
2024-02-12 10:51:25,373 INFO PersonalAreaTest [main] Quit driver
2024-02-12 10:55:55,911 INFO PersonalAreaTest [main] Start driver
2024-02-12 10:56:45,497 INFO p.PersonalAreaPage [main] Fields cleared
2024-02-12 10:56:45,527 INFO p.PersonalAreaPage [main] Fields cleared
2024-02-12 10:56:45,559 INFO p.PersonalAreaPage [main] Fields cleared
2024-02-12 10:56:45,587 INFO p.PersonalAreaPage [main] Fields cleared
2024-02-12 10:56:45,619 INFO p.PersonalAreaPage [main] Fields cleared
2024-02-12 10:56:45,661 INFO p.PersonalAreaPage [main] Fields cleared
2024-02-12 10:56:57,827 INFO PersonalAreaTest [main] Quit driver
2024-02-12 10:59:30,491 INFO PersonalAreaTest [main] Start driver
2024-02-12 11:00:21,317 INFO p.PersonalAreaPage [main] Fields cleared
2024-02-12 11:00:21,356 INFO p.PersonalAreaPage [main] Fields cleared
2024-02-12 11:00:21,388 INFO p.PersonalAreaPage [main] Fields cleared
2024-02-12 11:00:21,421 INFO p.PersonalAreaPage [main] Fields cleared
2024-02-12 11:00:21,454 INFO p.PersonalAreaPage [main] Fields cleared
2024-02-12 11:00:21,483 INFO p.PersonalAreaPage [main] Fields cleared
2024-02-12 11:00:43,776 INFO PersonalAreaTest [main] Quit driver
2024-02-12 11:01:51,085 INFO PersonalAreaTest [main] Start driver
2024-02-12 11:02:40,023 INFO p.PersonalAreaPage [main] Fields cleared
2024-02-12 11:02:40,053 INFO p.PersonalAreaPage [main] Fields cleared
2024-02-12 11:02:40,089 INFO p.PersonalAreaPage [main] Fields cleared
2024-02-12 11:02:40,119 INFO p.PersonalAreaPage [main] Fields cleared
2024-02-12 11:02:40,151 INFO p.PersonalAreaPage [main] Fields cleared
2024-02-12 11:02:40,188 INFO p.PersonalAreaPage [main] Fields cleared
2024-02-12 11:02:40,557 INFO PersonalAreaTest [main] Quit driver
2024-02-12 11:04:01,854 INFO PersonalAreaTest [main] Start driver
2024-02-12 11:04:51,157 INFO p.PersonalAreaPage [main] Fields cleared
2024-02-12 11:04:51,193 INFO p.PersonalAreaPage [main] Fields cleared
2024-02-12 11:04:51,224 INFO p.PersonalAreaPage [main] Fields cleared
2024-02-12 11:04:51,253 INFO p.PersonalAreaPage [main] Fields cleared
2024-02-12 11:04:51,288 INFO p.PersonalAreaPage [main] Fields cleared
2024-02-12 11:04:51,325 INFO p.PersonalAreaPage [main] Fields cleared
2024-02-12 11:05:14,083 INFO PersonalAreaTest [main] Quit driver
2024-02-12 11:11:07,780 INFO PersonalAreaTest [main] Start driver
2024-02-12 11:11:57,116 INFO p.PersonalAreaPage [main] Fields cleared
2024-02-12 11:11:57,147 INFO p.PersonalAreaPage [main] Fields cleared
2024-02-12 11:11:57,176 INFO p.PersonalAreaPage [main] Fields cleared
2024-02-12 11:11:57,207 INFO p.PersonalAreaPage [main] Fields cleared
2024-02-12 11:11:57,236 INFO p.PersonalAreaPage [main] Fields cleared
2024-02-12 11:11:57,274 INFO p.PersonalAreaPage [main] Fields cleared
2024-02-12 11:12:19,700 INFO p.PersonalAreaPage [main] Добавлен 1 контакт
2024-02-12 11:12:19,887 INFO p.PersonalAreaPage [main] Добавлен 2 контакт
2024-02-12 11:13:04,708 INFO PersonalAreaTest [main] Quit driver
2024-02-12 11:36:40,562 INFO PersonalAreaTest [main] Start driver
2024-02-12 11:37:30,915 INFO p.PersonalAreaPage [main] Fields cleared
2024-02-12 11:37:30,946 INFO p.PersonalAreaPage [main] Fields cleared
2024-02-12 11:37:30,978 INFO p.PersonalAreaPage [main] Fields cleared
2024-02-12 11:37:31,010 INFO p.PersonalAreaPage [main] Fields cleared
2024-02-12 11:37:31,040 INFO p.PersonalAreaPage [main] Fields cleared
2024-02-12 11:37:31,083 INFO p.PersonalAreaPage [main] Fields cleared
2024-02-12 11:37:53,640 INFO p.PersonalAreaPage [main] Добавлен 1 контакт
2024-02-12 11:37:53,841 INFO p.PersonalAreaPage [main] Добавлен 2 контакт
2024-02-12 11:38:35,401 INFO PersonalAreaTest [main] Quit driver
2024-02-12 11:42:59,979 INFO PersonalAreaTest [main] Start driver
2024-02-12 11:43:07,074 INFO PersonalAreaTest [main] Quit driver
2024-02-12 11:43:08,130 INFO PersonalAreaTest [main] Start driver
2024-02-12 11:43:59,358 INFO p.PersonalAreaPage [main] Fields cleared
2024-02-12 11:43:59,389 INFO p.PersonalAreaPage [main] Fields cleared
2024-02-12 11:43:59,421 INFO p.PersonalAreaPage [main] Fields cleared
2024-02-12 11:43:59,451 INFO p.PersonalAreaPage [main] Fields cleared
2024-02-12 11:43:59,483 INFO p.PersonalAreaPage [main] Fields cleared
2024-02-12 11:43:59,529 INFO p.PersonalAreaPage [main] Fields cleared
2024-02-12 11:44:21,413 INFO p.PersonalAreaPage [main] Добавлен 1 контакт
2024-02-12 11:44:21,625 INFO p.PersonalAreaPage [main] Добавлен 2 контакт
2024-02-12 11:45:04,139 INFO PersonalAreaTest [main] Quit driver
2024-02-12 12:39:00,133 INFO PersonalAreaTest [main] Start driver
2024-02-12 12:39:12,675 INFO PersonalAreaTest [main] Quit driver
2024-02-12 12:39:15,075 INFO PersonalAreaTest [main] Start driver
2024-02-12 12:39:31,319 INFO PersonalAreaTest [main] Quit driver
2024-02-12 12:40:16,214 INFO PersonalAreaTest [main] Start driver
2024-02-12 12:43:17,664 INFO PersonalAreaTest [main] Start driver
2024-02-12 12:43:24,443 INFO PersonalAreaTest [main] Quit driver
2024-02-12 12:43:25,146 INFO PersonalAreaTest [main] Start driver
2024-02-12 12:43:31,372 INFO PersonalAreaTest [main] Quit driver
2024-02-12 12:43:50,483 INFO PersonalAreaTest [main] Start driver
2024-02-12 12:43:56,783 INFO PersonalAreaTest [main] Quit driver
2024-02-12 12:43:57,512 INFO PersonalAreaTest [main] Start driver
2024-02-12 12:44:50,348 INFO p.PersonalAreaPage [main] Fields cleared
2024-02-12 12:44:50,377 INFO p.PersonalAreaPage [main] Fields cleared
2024-02-12 12:44:50,406 INFO p.PersonalAreaPage [main] Fields cleared
2024-02-12 12:44:50,435 INFO p.PersonalAreaPage [main] Fields cleared
2024-02-12 12:44:50,466 INFO p.PersonalAreaPage [main] Fields cleared
2024-02-12 12:44:50,508 INFO p.PersonalAreaPage [main] Fields cleared
2024-02-12 12:45:12,276 INFO p.PersonalAreaPage [main] Добавлен 1 контакт
2024-02-12 12:45:12,470 INFO p.PersonalAreaPage [main] Добавлен 2 контакт
2024-02-12 12:45:55,721 INFO PersonalAreaTest [main] Quit driver
2024-02-12 12:53:09,894 INFO PersonalAreaTest [main] Start driver
2024-02-12 12:53:58,882 INFO PersonalAreaTest [main] Quit driver
2024-02-12 12:53:59,452 INFO PersonalAreaTest [main] Start driver
2024-02-12 12:54:48,030 INFO p.PersonalAreaPage [main] Fields cleared
2024-02-12 12:54:48,058 INFO p.PersonalAreaPage [main] Fields cleared
2024-02-12 12:54:48,088 INFO p.PersonalAreaPage [main] Fields cleared
2024-02-12 12:54:48,116 INFO p.PersonalAreaPage [main] Fields cleared
2024-02-12 12:54:48,143 INFO p.PersonalAreaPage [main] Fields cleared
2024-02-12 12:54:48,179 INFO p.PersonalAreaPage [main] Fields cleared
2024-02-12 12:55:10,507 INFO p.PersonalAreaPage [main] Добавлен 1 контакт
2024-02-12 12:55:10,690 INFO p.PersonalAreaPage [main] Добавлен 2 контакт
2024-02-12 12:55:56,822 INFO PersonalAreaTest [main] Quit driver
2024-02-12 13:06:58,885 INFO PersonalAreaTest [main] Start driver
2024-02-12 13:07:41,213 INFO PersonalAreaTest [main] Start driver
2024-02-12 13:08:25,470 INFO PersonalAreaTest [main] Quit driver
2024-02-12 13:08:26,158 INFO PersonalAreaTest [main] Start driver
2024-02-12 13:08:50,325 INFO PersonalAreaTest [main] Quit driver
2024-02-12 20:58:33,464 INFO PersonalAreaTest [main] Start driver
2024-02-12 20:59:22,337 INFO PersonalAreaTest [main] Quit driver
2024-02-12 20:59:22,980 INFO PersonalAreaTest [main] Start driver
2024-02-12 21:00:11,624 INFO p.PersonalAreaPage [main] Fields cleared
2024-02-12 21:00:11,651 INFO p.PersonalAreaPage [main] Fields cleared
2024-02-12 21:00:11,678 INFO p.PersonalAreaPage [main] Fields cleared
2024-02-12 21:00:11,707 INFO p.PersonalAreaPage [main] Fields cleared
2024-02-12 21:00:11,731 INFO p.PersonalAreaPage [main] Fields cleared
2024-02-12 21:00:11,767 INFO p.PersonalAreaPage [main] Fields cleared
2024-02-12 21:00:34,163 INFO p.PersonalAreaPage [main] Добавлен 1 контакт
2024-02-12 21:00:34,373 INFO p.PersonalAreaPage [main] Добавлен 2 контакт
2024-02-12 21:01:15,702 INFO PersonalAreaTest [main] Quit driver
